<?xml version="1.0" encoding="UTF-8"?>
<!-- Generated by org.testng.reporters.JUnitReportReporter -->
<testsuite hostname="Sais-MacBook-Pro.local" failures="0" tests="1" name="com.google.automation.pom.tests.SearchTest" time="12.177" errors="0" timestamp="11 Aug 2022 02:42:56 GMT">
  <testcase classname="com.google.automation.pom.tests.SearchTest" name="googleSearchTest" time="12.177"/>
</testsuite> <!-- com.google.automation.pom.tests.SearchTest -->
